<?xml version="1.0" encoding="utf-8"?><testsuites name="pytest tests"><testsuite name="pytest" errors="0" failures="0" skipped="0" tests="5" time="23.745" timestamp="2026-09-15T23:36:32.938673+00:00" hostname="agent-env-5f615214-574a-4bac-9a39-d807ca74000b"><testcase classname="tests.test_iteration3" name="test_category_field_present_and_valid" time="9.584" /><testcase classname="tests.test_iteration3" name="test_image_url_field_present" time="0.000" /><testcase classname="tests.test_iteration3" name="test_scale_recipe_2_to_4_doubles_numeric" time="3.143" /><testcase classname="tests.test_iteration3" name="test_scale_recipe_empty_returns_empty" time="0.033" /><testcase classname="tests.test_iteration3" name="test_recipe_image_generation_and_serve" time="10.486" /></testsuite></testsuites>