<?xml version="1.0" encoding="utf-8"?><testsuites name="pytest tests"><testsuite name="pytest" errors="0" failures="0" skipped="0" tests="6" time="36.231" timestamp="2026-09-16T00:06:02.806022+00:00" hostname="agent-env-5f615214-574a-4bac-9a39-d807ca74000b"><testcase classname="tests.test_iteration4" name="test_scale_recipe_2_to_4_doubles" time="0.290" /><testcase classname="tests.test_iteration4" name="test_scale_recipe_2_to_6plus" time="0.132" /><testcase classname="tests.test_iteration4" name="test_scale_recipe_empty" time="0.067" /><testcase classname="tests.test_iteration4" name="test_substitutions_field_present_and_typed" time="18.601" /><testcase classname="tests.test_iteration4" name="test_substitutions_align_with_shopping_list" time="0.000" /><testcase classname="tests.test_iteration4" name="test_substitutions_empty_when_shopping_empty" time="16.634" /></testsuite></testsuites>