<?xml version="1.0" encoding="utf-8"?><testsuites name="pytest tests"><testsuite name="pytest" errors="0" failures="0" skipped="0" tests="4" time="12.271" timestamp="2026-09-16T00:53:46.887686+00:00" hostname="agent-env-5f615214-574a-4bac-9a39-d807ca74000b"><testcase classname="tests.test_iteration7" name="test_brigade_secret_present_non_empty" time="12.221" /><testcase classname="tests.test_iteration7" name="test_wine_pairing_present_non_empty" time="0.000" /><testcase classname="tests.test_iteration7" name="test_impact_object_shape" time="0.000" /><testcase classname="tests.test_iteration7" name="test_impact_values_positive" time="0.000" /></testsuite></testsuites>