<?xml version="1.0" encoding="utf-8"?><testsuites name="pytest tests"><testsuite name="pytest" errors="0" failures="0" skipped="0" tests="9" time="38.612" timestamp="2026-09-15T23:21:26.711821+00:00" hostname="agent-env-5f615214-574a-4bac-9a39-d807ca74000b"><testcase classname="tests.backend_test" name="test_root" time="0.264" /><testcase classname="tests.backend_test" name="test_empty_ingredients_returns_400" time="0.069" /><testcase classname="tests.backend_test" name="test_recipe_shape" time="14.567" /><testcase classname="tests.backend_test" name="test_disclaimer_present" time="0.000" /><testcase classname="tests.backend_test" name="test_no_mongo_id_leaked" time="0.000" /><testcase classname="tests.backend_test" name="test_scrap_tip_non_empty" time="0.000" /><testcase classname="tests.backend_test" name="test_diet_echoed" time="0.000" /><testcase classname="tests.backend_test" name="test_shopping_list_only_missing_items" time="13.949" /><testcase classname="tests.backend_test" name="test_vegan_excludes_animal_products" time="9.257" /></testsuite></testsuites>