<?xml version="1.0" encoding="utf-8"?><testsuites name="pytest tests"><testsuite name="pytest" errors="0" failures="0" skipped="0" tests="6" time="28.042" timestamp="2026-09-15T23:11:23.940507+00:00" hostname="agent-env-5f615214-574a-4bac-9a39-d807ca74000b"><testcase classname="tests.backend_test" name="test_root" time="0.131" /><testcase classname="tests.backend_test" name="test_empty_ingredients_returns_400" time="0.071" /><testcase classname="tests.backend_test" name="test_recipe_shape" time="17.834" /><testcase classname="tests.backend_test" name="test_disclaimer_present" time="0.000" /><testcase classname="tests.backend_test" name="test_no_mongo_id_leaked" time="0.000" /><testcase classname="tests.backend_test" name="test_vegan_excludes_animal_products" time="9.476" /></testsuite></testsuites>